<?xml version="1.0" encoding="UTF-8"?>
<coverage generated="1754903472060" clover="3.2.0">
  <project timestamp="1754903472061" name="All files">
    <metrics statements="34" coveredstatements="32" conditionals="16" coveredconditionals="13" methods="13" coveredmethods="11" elements="63" coveredelements="56" complexity="0" loc="34" ncloc="34" packages="2" files="2" classes="2"/>
    <package name="src">
      <metrics statements="1" coveredstatements="1" conditionals="0" coveredconditionals="0" methods="0" coveredmethods="0"/>
      <file name="i18n.js" path="C:\Users\HP\projects\2017\hamle\telemedicine-platform\frontend\src\i18n.js">
        <metrics statements="1" coveredstatements="1" conditionals="0" coveredconditionals="0" methods="0" coveredmethods="0"/>
        <line num="5" count="1" type="stmt"/>
      </file>
    </package>
    <package name="src.contexts">
      <metrics statements="33" coveredstatements="31" conditionals="16" coveredconditionals="13" methods="13" coveredmethods="11"/>
      <file name="I18nContext.jsx" path="C:\Users\HP\projects\2017\hamle\telemedicine-platform\frontend\src\contexts\I18nContext.jsx">
        <metrics statements="33" coveredstatements="31" conditionals="16" coveredconditionals="13" methods="13" coveredmethods="11"/>
        <line num="11" count="1" type="stmt"/>
        <line num="18" count="4" type="stmt"/>
        <line num="19" count="1" type="cond" truecount="2" falsecount="0"/>
        <line num="21" count="4" type="stmt"/>
        <line num="24" count="4" type="stmt"/>
        <line num="25" count="1" type="stmt"/>
        <line num="27" count="1" type="cond" truecount="1" falsecount="1"/>
        <line num="28" count="0" type="stmt"/>
        <line num="32" count="4" type="stmt"/>
        <line num="34" count="4" type="stmt"/>
        <line num="35" count="4" type="stmt"/>
        <line num="42" count="20" type="stmt"/>
        <line num="43" count="4" type="stmt"/>
        <line num="46" count="4" type="cond" truecount="1" falsecount="1"/>
        <line num="48" count="4" type="stmt"/>
        <line num="49" count="4" type="stmt"/>
        <line num="52" count="4" type="stmt"/>
        <line num="53" count="4" type="cond" truecount="1" falsecount="1"/>
        <line num="54" count="4" type="stmt"/>
        <line num="56" count="4" type="stmt"/>
        <line num="59" count="6" type="cond" truecount="2" falsecount="0"/>
        <line num="60" count="4" type="cond" truecount="2" falsecount="0"/>
        <line num="61" count="4" type="stmt"/>
        <line num="62" count="4" type="cond" truecount="2" falsecount="0"/>
        <line num="63" count="4" type="stmt"/>
        <line num="64" count="4" type="stmt"/>
        <line num="70" count="0" type="stmt"/>
        <line num="73" count="4" type="stmt"/>
        <line num="74" count="4" type="stmt"/>
        <line num="77" count="4" type="stmt"/>
        <line num="78" count="4" type="stmt"/>
        <line num="81" count="4" type="stmt"/>
        <line num="85" count="7" type="stmt"/>
      </file>
    </package>
  </project>
</coverage>
