TN:
SF:src\i18n.js
FNF:0
FNH:0
DA:5,1
LF:1
LH:1
BRF:0
BRH:0
end_of_record
TN:
SF:src\contexts\I18nContext.jsx
FN:14,(anonymous_0)
FN:17,I18nProvider
FN:19,(anonymous_2)
FN:24,(anonymous_3)
FN:27,(anonymous_4)
FN:28,(anonymous_5)
FN:32,(anonymous_6)
FN:33,loadResources
FN:42,(anonymous_8)
FN:48,(anonymous_9)
FN:59,(anonymous_10)
FN:78,(anonymous_11)
FN:84,useI18n
FNF:13
FNH:11
FNDA:0,(anonymous_0)
FNDA:4,I18nProvider
FNDA:1,(anonymous_2)
FNDA:1,(anonymous_3)
FNDA:1,(anonymous_4)
FNDA:0,(anonymous_5)
FNDA:4,(anonymous_6)
FNDA:4,loadResources
FNDA:20,(anonymous_8)
FNDA:4,(anonymous_9)
FNDA:6,(anonymous_10)
FNDA:4,(anonymous_11)
FNDA:7,useI18n
DA:11,1
DA:18,4
DA:19,1
DA:21,4
DA:24,4
DA:25,1
DA:27,1
DA:28,0
DA:32,4
DA:34,4
DA:35,4
DA:42,20
DA:43,4
DA:46,4
DA:48,4
DA:49,4
DA:52,4
DA:53,4
DA:54,4
DA:56,4
DA:59,6
DA:60,4
DA:61,4
DA:62,4
DA:63,4
DA:64,4
DA:70,0
DA:73,4
DA:74,4
DA:77,4
DA:78,4
DA:81,4
DA:85,7
LF:33
LH:31
BRDA:19,0,0,1
BRDA:19,0,1,1
BRDA:27,1,0,1
BRDA:27,1,1,0
BRDA:46,2,0,4
BRDA:46,2,1,0
BRDA:53,3,0,4
BRDA:53,3,1,0
BRDA:59,4,0,4
BRDA:59,4,1,1
BRDA:60,5,0,4
BRDA:60,5,1,3
BRDA:62,6,0,1
BRDA:62,6,1,3
BRDA:66,7,0,4
BRDA:66,7,1,3
BRF:16
BRH:13
end_of_record
